mysqli Object
(
    [affected_rows] => 0
    [client_info] => mysqlnd 8.2.12
    [client_version] => 80212
    [connect_errno] => 0
    [connect_error] => 
    [errno] => 0
    [error] => 
    [error_list] => Array
        (
        )

    [field_count] => 0
    [host_info] => localhost via TCP/IP
    [info] => 
    [insert_id] => 0
    [server_info] => 10.4.32-MariaDB
    [server_version] => 100432
    [sqlstate] => 00000
    [protocol_version] => 10
    [thread_id] => 562
    [warning_count] => 0
)
